<?xml version="1.0" encoding="UTF-8"?>
<!-- Generated by org.testng.reporters.JUnitReportReporter -->
<testsuite hostname="DESKTOP-8NH1IRK" failures="0" tests="5" name="testCaseClass.LoginPageTest" time="28.211" errors="0" timestamp="2024-09-26T23:49:45 IST" skipped="1">
  <testcase classname="testCaseClass.LoginPageTest" name="any" time="1.823"/>
  <testcase classname="testCaseClass.LoginPageTest" name="ClickTelegramLoginBtn" time="23.300"/>
  <testcase classname="testCaseClass.LoginPageTest" name="LearnMoreAboutHubzText" time="2.194"/>
  <testcase classname="testCaseClass.LoginPageTest" name="tryhubznow" time="0.894"/>
  <testcase classname="testCaseClass.LoginPageTest" name="dropdownselect">
    <skipped/>
  </testcase> <!-- dropdownselect -->
</testsuite> <!-- testCaseClass.LoginPageTest -->
